▲ Next.js 16.1.1 (Turbopack)

  Creating an optimized production build ...
[DEBUG] Writing debug info to: `D:\rag\learn\portfolio\tailwindcss-18328.log`


[182.49ms] [@tailwindcss/postcss] src\app\globals.css
[  0.07ms]   ↳ Quick bail check
[ 34.14ms]   ↳ Setup compiler
[  0.61ms]     ↳ PostCSS AST -> Tailwind CSS AST
[ 33.50ms]     ↳ Create compiler
[  0.39ms]   ↳ Register full rebuild paths
[  7.94ms]   ↳ Setup scanner
[ 33.51ms]   ↳ Scan for candidates
[ 49.85ms]   ↳ Register dependency messages
[ 33.00ms]   ↳ Build utilities
[ 20.15ms]   ↳ Optimization
[  0.57ms]     ↳ AST -> CSS
[  7.60ms]     ↳ Lightning CSS
[ 11.94ms]     ↳ CSS -> PostCSS AST
[  2.90ms]   ↳ Update PostCSS AST

✓ Compiled successfully in 6.9s
  Running TypeScript ...
  Collecting page data using 7 workers ...
  Generating static pages using 7 workers (0/16) ...
Error occurred prerendering page "/projects/notebooklm-automation". Read more: https://nextjs.org/docs/messages/prerender-error
Error: Attempted to call getLocalizedString() from the server but getLocalizedString is on the client. It's not possible to invoke a client function from the server, it can only be rendered as a Component or passed to props of a Client Component.
    at <unknown> (D:\rag\learn\portfolio\.next\server\chunks\ssr\[root-of-the-server]__7a0fc43e._.js:1:41736)
    at p (D:\rag\learn\portfolio\.next\server\chunks\ssr\[root-of-the-server]__7a0fc43e._.js:1:46005) {
  digest: '4026456118'
}
Export encountered an error on /projects/[slug]/page: /projects/notebooklm-automation, exiting the build.
⨯ Next.js build worker exited with code: 1 and signal: null
